2014-01-14 11:00:28 Notice: Notice (8): Undefined variable: type_id in [/Applications/XAMPP/xamppfiles/htdocs/ctportal/app/views/issues/create_edit.ctp, line 61]
2014-01-16 05:01:15 Notice: Notice (8): Undefined variable: isEdit in [/Applications/XAMPP/xamppfiles/htdocs/ctportal/app/views/elements/products_detail_header.ctp, line 163]
2014-01-16 05:01:15 Notice: Notice (8): Undefined variable: isEdit in [/Applications/XAMPP/xamppfiles/htdocs/ctportal/app/views/elements/products_detail_header.ctp, line 163]
2014-01-16 05:03:36 Notice: Notice (8): Undefined variable: isEdit in [/Applications/XAMPP/xamppfiles/htdocs/ctportal/app/views/elements/products_detail_header.ctp, line 163]
2014-01-16 05:03:44 Notice: Notice (8): Undefined variable: formName in [/Applications/XAMPP/xamppfiles/htdocs/ctportal/app/views/elements/products_detail_header.ctp, line 164]
2014-01-16 05:03:50 Notice: Notice (8): Undefined variable: isEdit in [/Applications/XAMPP/xamppfiles/htdocs/ctportal/app/views/elements/products_detail_header.ctp, line 163]
2014-01-16 05:03:57 Notice: Notice (8): Undefined variable: isEdit in [/Applications/XAMPP/xamppfiles/htdocs/ctportal/app/views/elements/products_detail_header.ctp, line 163]
2014-01-16 05:30:04 Notice: Notice (8): Undefined variable: isEdit in [/Applications/XAMPP/xamppfiles/htdocs/ctportal/app/views/elements/products_detail_header.ctp, line 163]
2014-01-16 07:07:12 Notice: Notice (8): Undefined variable: isEdit in [/Applications/XAMPP/xamppfiles/htdocs/ctportal/app/views/elements/products_detail_header.ctp, line 163]
2014-01-16 07:13:43 Notice: Notice (8): Undefined variable: isEdit in [/Applications/XAMPP/xamppfiles/htdocs/ctportal/app/views/elements/products_detail_header.ctp, line 163]
2014-01-16 07:49:47 Notice: Notice (8): Undefined variable: isEdit in [/Applications/XAMPP/xamppfiles/htdocs/ctportal/app/views/elements/products_detail_header.ctp, line 163]
2014-01-16 07:49:47 Notice: Notice (8): Undefined variable: formName in [/Applications/XAMPP/xamppfiles/htdocs/ctportal/app/views/elements/products_detail_header.ctp, line 166]
2014-01-16 08:06:15 Notice: Notice (8): Undefined property: IssuesController::$request in [/Applications/XAMPP/xamppfiles/htdocs/ctportal/app/controllers/issues_controller.php, line 125]
2014-01-16 08:07:01 Notice: Notice (8): Undefined property: IssuesController::$request in [/Applications/XAMPP/xamppfiles/htdocs/ctportal/app/controllers/issues_controller.php, line 125]
2014-01-16 08:07:01 Notice: Notice (8): Trying to get property of non-object in [/Applications/XAMPP/xamppfiles/htdocs/ctportal/app/controllers/issues_controller.php, line 125]
2014-01-16 08:07:10 Notice: Notice (8): Undefined property: IssuesController::$request in [/Applications/XAMPP/xamppfiles/htdocs/ctportal/app/controllers/issues_controller.php, line 125]
2014-01-16 08:07:10 Notice: Notice (8): Trying to get property of non-object in [/Applications/XAMPP/xamppfiles/htdocs/ctportal/app/controllers/issues_controller.php, line 125]
2014-01-16 08:07:54 Notice: Notice (8): Undefined property: IssuesController::$request in [/Applications/XAMPP/xamppfiles/htdocs/ctportal/app/controllers/issues_controller.php, line 125]
2014-01-16 08:07:54 Notice: Notice (8): Trying to get property of non-object in [/Applications/XAMPP/xamppfiles/htdocs/ctportal/app/controllers/issues_controller.php, line 125]
2014-01-17 04:35:31 Notice: Notice (8): Undefined variable: productsSelected in [/Applications/XAMPP/xamppfiles/htdocs/ctportal/app/controllers/issues_controller.php, line 265]
2014-01-17 04:35:31 Notice: Notice (8): Undefined variable: productsSelected in [/Applications/XAMPP/xamppfiles/htdocs/ctportal/app/controllers/issues_controller.php, line 281]
2014-01-17 05:23:49 Notice: Notice (8): Undefined variable: productsSelected in [/Applications/XAMPP/xamppfiles/htdocs/ctportal/app/controllers/issues_controller.php, line 265]
2014-01-17 05:23:49 Notice: Notice (8): Undefined variable: productsSelected in [/Applications/XAMPP/xamppfiles/htdocs/ctportal/app/controllers/issues_controller.php, line 281]
2014-01-17 05:24:15 Notice: Notice (8): Undefined variable: productsSelected in [/Applications/XAMPP/xamppfiles/htdocs/ctportal/app/controllers/issues_controller.php, line 263]
2014-01-17 05:24:15 Notice: Notice (8): Undefined variable: productsSelected in [/Applications/XAMPP/xamppfiles/htdocs/ctportal/app/controllers/issues_controller.php, line 265]
2014-01-17 05:24:15 Notice: Notice (8): Undefined variable: productsSelected in [/Applications/XAMPP/xamppfiles/htdocs/ctportal/app/controllers/issues_controller.php, line 281]
2014-01-17 07:56:12 Notice: Notice (8): Undefined variable: productArrat in [/Applications/XAMPP/xamppfiles/htdocs/ctportal/app/views/issues/create_edit.ctp, line 48]
2014-01-17 07:56:33 Notice: Notice (8): Undefined index: id in [/Applications/XAMPP/xamppfiles/htdocs/ctportal/app/views/issues/create_edit.ctp, line 51]
2014-01-17 07:56:33 Notice: Notice (8): Undefined index: project_name in [/Applications/XAMPP/xamppfiles/htdocs/ctportal/app/views/issues/create_edit.ctp, line 51]
2014-01-17 07:56:51 Notice: Notice (8): Undefined index: id in [/Applications/XAMPP/xamppfiles/htdocs/ctportal/app/views/issues/create_edit.ctp, line 51]
2014-01-17 07:56:51 Notice: Notice (8): Undefined index: project_name in [/Applications/XAMPP/xamppfiles/htdocs/ctportal/app/views/issues/create_edit.ctp, line 51]
2014-01-17 07:57:12 Notice: Notice (8): Undefined index: id in [/Applications/XAMPP/xamppfiles/htdocs/ctportal/app/views/issues/create_edit.ctp, line 52]
2014-01-17 07:57:12 Notice: Notice (8): Undefined index: project_name in [/Applications/XAMPP/xamppfiles/htdocs/ctportal/app/views/issues/create_edit.ctp, line 52]
2014-01-17 07:57:47 Notice: Notice (8): Undefined index: Project in [/Applications/XAMPP/xamppfiles/htdocs/ctportal/app/views/issues/create_edit.ctp, line 52]
2014-01-17 07:57:56 Notice: Notice (8): Undefined index: Project in [/Applications/XAMPP/xamppfiles/htdocs/ctportal/app/views/issues/create_edit.ctp, line 52]
2014-01-17 07:58:17 Notice: Notice (8): Undefined index: Project in [/Applications/XAMPP/xamppfiles/htdocs/ctportal/app/views/issues/create_edit.ctp, line 52]
2014-01-17 08:52:20 Notice: Notice (8): Undefined variable: val in [/Applications/XAMPP/xamppfiles/htdocs/ctportal/app/views/issues/create_edit.ctp, line 168]
2014-01-17 08:55:12 Notice: Notice (8): Undefined variable: val in [/Applications/XAMPP/xamppfiles/htdocs/ctportal/app/views/issues/create_edit.ctp, line 167]
2014-01-17 09:42:20 Notice: Notice (8): Undefined variable: id in [/Applications/XAMPP/xamppfiles/htdocs/ctportal/app/controllers/issues_controller.php, line 18]
2014-01-17 09:43:34 Notice: Notice (8): Undefined variable: service_code in [/Applications/XAMPP/xamppfiles/htdocs/ctportal/app/controllers/issues_controller.php, line 328]
2014-01-17 09:43:56 Notice: Notice (8): Undefined property: IssuesController::$service_code in [/Applications/XAMPP/xamppfiles/htdocs/ctportal/app/controllers/issues_controller.php, line 328]
2014-01-17 10:58:42 Notice: Notice (8): Undefined index: issue_detail in [/Applications/XAMPP/xamppfiles/htdocs/ctportal/app/controllers/issues_controller.php, line 334]
2014-01-17 10:58:42 Notice: Notice (8): Undefined property: IssuesController::$DatetimeSelect in [/Applications/XAMPP/xamppfiles/htdocs/ctportal/app/controllers/issues_controller.php, line 351]
2014-01-17 11:00:05 Notice: Notice (8): Undefined index: issue_details in [/Applications/XAMPP/xamppfiles/htdocs/ctportal/app/controllers/issues_controller.php, line 334]
2014-01-17 11:00:05 Notice: Notice (8): Undefined property: IssuesController::$DatetimeSelect in [/Applications/XAMPP/xamppfiles/htdocs/ctportal/app/controllers/issues_controller.php, line 351]
2014-01-17 11:01:45 Notice: Notice (8): Undefined property: IssuesController::$DatetimeSelect in [/Applications/XAMPP/xamppfiles/htdocs/ctportal/app/controllers/issues_controller.php, line 351]
2014-01-17 11:03:21 Notice: Notice (8): Undefined index: assignee in [/Applications/XAMPP/xamppfiles/htdocs/ctportal/app/controllers/issues_controller.php, line 366]
2014-01-17 11:03:21 Notice: Notice (8): Undefined index: ids in [/Applications/XAMPP/xamppfiles/htdocs/ctportal/cake/libs/model/model.php, line 1329]
2014-01-17 11:06:33 Notice: Notice (8): Undefined index: assignee in [/Applications/XAMPP/xamppfiles/htdocs/ctportal/app/controllers/issues_controller.php, line 367]
2014-01-17 11:09:53 Notice: Notice (8): Undefined index: ids in [/Applications/XAMPP/xamppfiles/htdocs/ctportal/cake/libs/model/model.php, line 1329]
2014-01-21 08:56:09 Notice: Notice (8): Undefined property: IssuesController::$targetController in [/Applications/XAMPP/xamppfiles/htdocs/ctportal/app/controllers/issues_controller.php, line 319]
2014-01-21 08:56:09 Notice: Notice (8): Undefined index:  in [/Applications/XAMPP/xamppfiles/htdocs/ctportal/app/controllers/issues_controller.php, line 319]
2014-01-21 08:58:25 Notice: Notice (8): Undefined property: IssuesController::$targetController in [/Applications/XAMPP/xamppfiles/htdocs/ctportal/app/controllers/issues_controller.php, line 337]
2014-01-21 08:58:25 Notice: Notice (8): Undefined index:  in [/Applications/XAMPP/xamppfiles/htdocs/ctportal/app/controllers/issues_controller.php, line 337]
2014-01-21 09:11:06 Notice: Notice (8): Undefined index: issue_tantousha in [/Applications/XAMPP/xamppfiles/htdocs/ctportal/app/controllers/issues_controller.php, line 417]
2014-01-21 09:17:43 Notice: Notice (8): Undefined index: id in [/Applications/XAMPP/xamppfiles/htdocs/ctportal/app/controllers/issues_controller.php, line 334]
2014-01-21 09:21:24 Notice: Notice (8): Undefined index: id in [/Applications/XAMPP/xamppfiles/htdocs/ctportal/app/controllers/issues_controller.php, line 334]
2014-01-21 10:10:10 Notice: Notice (8): Undefined variable: value in [/Applications/XAMPP/xamppfiles/htdocs/ctportal/app/views/issues/details.ctp, line 49]
2014-01-21 10:21:13 Notice: Notice (8): Undefined index: id in [/Applications/XAMPP/xamppfiles/htdocs/ctportal/app/controllers/issues_controller.php, line 334]
2014-01-21 10:33:09 Notice: Notice (8): Undefined index: id in [/Applications/XAMPP/xamppfiles/htdocs/ctportal/app/controllers/issues_controller.php, line 334]
2014-01-21 10:33:12 Notice: Notice (8): Undefined index: id in [/Applications/XAMPP/xamppfiles/htdocs/ctportal/app/controllers/issues_controller.php, line 334]
2014-01-21 10:33:17 Notice: Notice (8): Undefined index: id in [/Applications/XAMPP/xamppfiles/htdocs/ctportal/app/controllers/issues_controller.php, line 334]
2014-01-21 10:43:53 Notice: Notice (8): Undefined variable: value in [/Applications/XAMPP/xamppfiles/htdocs/ctportal/app/views/issues/details.ctp, line 94]
2014-01-21 10:44:03 Notice: Notice (8): Undefined variable: value in [/Applications/XAMPP/xamppfiles/htdocs/ctportal/app/views/issues/details.ctp, line 94]
2014-01-22 09:45:36 Notice: Notice (8): Undefined index: id in [/Applications/XAMPP/xamppfiles/htdocs/ctportal/app/controllers/issues_controller.php, line 334]
2014-01-22 11:22:20 Notice: Notice (8): Undefined index: id in [/Applications/XAMPP/xamppfiles/htdocs/ctportal/app/controllers/issues_controller.php, line 340]
2014-01-22 11:42:38 Notice: Notice (8): Undefined index: id in [/Applications/XAMPP/xamppfiles/htdocs/ctportal/app/controllers/issues_controller.php, line 341]
2014-01-22 11:47:14 Notice: Notice (8): Undefined index: id in [/Applications/XAMPP/xamppfiles/htdocs/ctportal/app/controllers/issues_controller.php, line 342]
2014-01-22 11:47:35 Notice: Notice (8): Undefined index: id in [/Applications/XAMPP/xamppfiles/htdocs/ctportal/app/controllers/issues_controller.php, line 342]
2014-01-22 20:23:56 Notice: Notice (8): Undefined variable: issue_id in [/Applications/XAMPP/xamppfiles/htdocs/ctportal/app/views/issues/details.ctp, line 165]
2014-01-22 20:24:49 Notice: Notice (8): Undefined variable: issue_id in [/Applications/XAMPP/xamppfiles/htdocs/ctportal/app/views/issues/details.ctp, line 165]
2014-01-22 20:25:31 Notice: Notice (8): Undefined variable: issue_id in [/Applications/XAMPP/xamppfiles/htdocs/ctportal/app/views/issues/details.ctp, line 165]
2014-01-22 20:26:15 Notice: Notice (8): Undefined variable: issue_id in [/Applications/XAMPP/xamppfiles/htdocs/ctportal/app/views/issues/details.ctp, line 165]
2014-01-22 20:27:48 Notice: Notice (8): Undefined variable: issue_id in [/Applications/XAMPP/xamppfiles/htdocs/ctportal/app/views/issues/details.ctp, line 165]
2014-01-22 20:28:06 Notice: Notice (8): Undefined variable: issue_id in [/Applications/XAMPP/xamppfiles/htdocs/ctportal/app/views/issues/details.ctp, line 165]
2014-01-22 20:28:34 Notice: Notice (8): Undefined variable: issue_id in [/Applications/XAMPP/xamppfiles/htdocs/ctportal/app/views/issues/details.ctp, line 165]
2014-01-22 20:46:48 Notice: Notice (8): Undefined index: issues_detail in [/Applications/XAMPP/xamppfiles/htdocs/ctportal/app/controllers/issues_controller.php, line 380]
2014-01-22 20:46:48 Notice: Notice (8): Undefined index: edit_user_id in [/Applications/XAMPP/xamppfiles/htdocs/ctportal/app/controllers/issues_controller.php, line 466]
2014-01-22 20:48:07 Notice: Notice (8): Undefined index: edit_user_id in [/Applications/XAMPP/xamppfiles/htdocs/ctportal/app/controllers/issues_controller.php, line 466]
2014-01-22 20:49:14 Notice: Notice (8): Undefined index: edit_user_id in [/Applications/XAMPP/xamppfiles/htdocs/ctportal/app/controllers/issues_controller.php, line 466]
2014-01-22 20:49:43 Notice: Notice (8): Undefined index: edit_user_id in [/Applications/XAMPP/xamppfiles/htdocs/ctportal/app/controllers/issues_controller.php, line 466]
2014-01-22 20:51:29 Notice: Notice (8): Undefined index: edit_user_id in [/Applications/XAMPP/xamppfiles/htdocs/ctportal/app/controllers/issues_controller.php, line 466]
2014-01-22 20:56:47 Notice: Notice (8): Undefined index: edit_user_id in [/Applications/XAMPP/xamppfiles/htdocs/ctportal/app/controllers/issues_controller.php, line 467]
2014-01-22 21:09:03 Notice: Notice (8): Undefined variable: radioOptions in [/Applications/XAMPP/xamppfiles/htdocs/ctportal/app/views/helpers/form.php, line 876]
2014-01-22 21:12:27 Notice: Notice (8): Undefined index: edit_user_id in [/Applications/XAMPP/xamppfiles/htdocs/ctportal/app/controllers/issues_controller.php, line 468]
2014-01-23 04:40:42 Notice: Notice (8): Undefined index: edit_user_id in [/Applications/XAMPP/xamppfiles/htdocs/ctportal/app/controllers/issues_controller.php, line 467]
2014-01-23 04:41:06 Notice: Notice (8): Undefined index: edit_user_id in [/Applications/XAMPP/xamppfiles/htdocs/ctportal/app/controllers/issues_controller.php, line 467]
2014-01-23 04:42:38 Notice: Notice (8): Undefined index: edit_user_id in [/Applications/XAMPP/xamppfiles/htdocs/ctportal/app/controllers/issues_controller.php, line 467]
2014-01-23 07:32:49 Notice: Notice (8): Undefined variable: products in [/Applications/XAMPP/xamppfiles/htdocs/ctportal/app/views/issues/create_edit.ctp, line 39]
2014-01-23 07:32:49 Notice: Notice (8): Undefined variable: studies_selected in [/Applications/XAMPP/xamppfiles/htdocs/ctportal/app/views/issues/create_edit.ctp, line 58]
2014-01-23 07:33:50 Notice: Notice (8): Undefined variable: products in [/Applications/XAMPP/xamppfiles/htdocs/ctportal/app/views/issues/create_edit.ctp, line 58]
2014-01-23 07:33:50 Notice: Notice (8): Undefined variable: studies_selected in [/Applications/XAMPP/xamppfiles/htdocs/ctportal/app/views/issues/create_edit.ctp, line 77]
2014-01-23 07:34:11 Notice: Notice (8): Undefined variable: products in [/Applications/XAMPP/xamppfiles/htdocs/ctportal/app/views/issues/create_edit.ctp, line 57]
2014-01-23 07:34:11 Notice: Notice (8): Undefined variable: studies_selected in [/Applications/XAMPP/xamppfiles/htdocs/ctportal/app/views/issues/create_edit.ctp, line 76]
2014-01-23 09:55:32 Notice: Notice (8): Undefined offset: 0 in [/Applications/XAMPP/xamppfiles/htdocs/ctportal/app/views/issues/details.ctp, line 172]
2014-01-23 09:55:32 Notice: Notice (8): Undefined offset: 0 in [/Applications/XAMPP/xamppfiles/htdocs/ctportal/app/views/issues/details.ctp, line 173]
2014-01-23 10:01:33 Notice: Notice (8): Undefined index: limit_date in [/Applications/XAMPP/xamppfiles/htdocs/ctportal/app/views/issues/details.ctp, line 172]
2014-01-23 10:02:53 Notice: Notice (8): Undefined index: limit_date in [/Applications/XAMPP/xamppfiles/htdocs/ctportal/app/views/issues/details.ctp, line 172]
2014-01-23 10:03:08 Notice: Notice (8): Undefined index: limit_date in [/Applications/XAMPP/xamppfiles/htdocs/ctportal/app/views/issues/details.ctp, line 172]
2014-01-23 10:13:40 Notice: Notice (8): Undefined offset: 12 in [/Applications/XAMPP/xamppfiles/htdocs/ctportal/app/views/issues/details.ctp, line 166]
2014-01-23 10:14:51 Notice: Notice (8): Undefined offset: 12 in [/Applications/XAMPP/xamppfiles/htdocs/ctportal/app/views/issues/details.ctp, line 167]
2014-01-23 10:15:17 Notice: Notice (8): Undefined offset: 372 in [/Applications/XAMPP/xamppfiles/htdocs/ctportal/app/views/issues/details.ctp, line 167]
2014-01-23 10:15:49 Notice: Notice (8): Undefined offset: 384 in [/Applications/XAMPP/xamppfiles/htdocs/ctportal/app/views/issues/details.ctp, line 166]
2014-01-23 10:16:04 Notice: Notice (8): Undefined offset: 384 in [/Applications/XAMPP/xamppfiles/htdocs/ctportal/app/views/issues/details.ctp, line 167]
2014-01-23 10:23:37 Notice: Notice (8): Undefined offset: 361 in [/Applications/XAMPP/xamppfiles/htdocs/ctportal/app/views/issues/details.ctp, line 173]
2014-01-23 10:24:06 Notice: Notice (8): Undefined offset: 361 in [/Applications/XAMPP/xamppfiles/htdocs/ctportal/app/views/issues/details.ctp, line 174]
2014-01-23 11:10:55 Notice: Notice (8): Undefined index: edit_user_id in [/Applications/XAMPP/xamppfiles/htdocs/ctportal/app/controllers/issues_controller.php, line 478]
2014-01-23 11:12:11 Notice: Notice (8): Undefined index: edit_user_id in [/Applications/XAMPP/xamppfiles/htdocs/ctportal/app/controllers/issues_controller.php, line 478]
2014-01-23 11:12:11 Notice: Notice (8): Undefined offset: 0 in [/Applications/XAMPP/xamppfiles/htdocs/ctportal/app/views/issues/details.ctp, line 166]
2014-01-23 11:20:19 Notice: Notice (8): Undefined offset: 0 in [/Applications/XAMPP/xamppfiles/htdocs/ctportal/app/views/issues/details.ctp, line 166]
2014-01-23 12:30:52 Notice: Notice (8): Undefined offset: 0 in [/Applications/XAMPP/xamppfiles/htdocs/ctportal/app/views/issues/details.ctp, line 166]
2014-01-23 12:31:27 Notice: Notice (8): Undefined index: Assignee in [/Applications/XAMPP/xamppfiles/htdocs/ctportal/app/controllers/issues_controller.php, line 540]
2014-01-23 12:31:27 Notice: Notice (8): Undefined index: edit_user_id in [/Applications/XAMPP/xamppfiles/htdocs/ctportal/app/controllers/issues_controller.php, line 483]
2014-01-23 12:32:51 Notice: Notice (8): Undefined offset: 0 in [/Applications/XAMPP/xamppfiles/htdocs/ctportal/app/views/issues/details.ctp, line 166]
2014-01-23 12:32:51 Notice: Notice (8): Undefined offset: 0 in [/Applications/XAMPP/xamppfiles/htdocs/ctportal/app/views/issues/details.ctp, line 170]
2014-01-23 12:32:51 Notice: Notice (8): Undefined offset: 0 in [/Applications/XAMPP/xamppfiles/htdocs/ctportal/app/views/issues/details.ctp, line 173]
2014-01-23 12:33:15 Notice: Notice (8): Undefined offset: 0 in [/Applications/XAMPP/xamppfiles/htdocs/ctportal/app/views/issues/details.ctp, line 166]
2014-01-23 12:33:15 Notice: Notice (8): Undefined offset: 0 in [/Applications/XAMPP/xamppfiles/htdocs/ctportal/app/views/issues/details.ctp, line 170]
2014-01-23 12:33:15 Notice: Notice (8): Undefined offset: 0 in [/Applications/XAMPP/xamppfiles/htdocs/ctportal/app/views/issues/details.ctp, line 173]
2014-01-23 12:35:46 Notice: Notice (8): Undefined offset: 0 in [/Applications/XAMPP/xamppfiles/htdocs/ctportal/app/views/issues/details.ctp, line 166]
2014-01-23 12:35:46 Notice: Notice (8): Undefined offset: 0 in [/Applications/XAMPP/xamppfiles/htdocs/ctportal/app/views/issues/details.ctp, line 170]
2014-01-23 12:35:46 Notice: Notice (8): Undefined offset: 0 in [/Applications/XAMPP/xamppfiles/htdocs/ctportal/app/views/issues/details.ctp, line 173]
2014-01-23 12:41:06 Notice: Notice (8): Undefined offset: 0 in [/Applications/XAMPP/xamppfiles/htdocs/ctportal/app/views/issues/details.ctp, line 166]
2014-01-23 12:43:23 Notice: Notice (8): Undefined offset: 0 in [/Applications/XAMPP/xamppfiles/htdocs/ctportal/app/views/issues/details.ctp, line 166]
2014-01-23 12:43:43 Notice: Notice (8): Undefined offset: 0 in [/Applications/XAMPP/xamppfiles/htdocs/ctportal/app/views/issues/details.ctp, line 166]
2014-01-23 12:44:21 Notice: Notice (8): Undefined offset: 0 in [/Applications/XAMPP/xamppfiles/htdocs/ctportal/app/views/issues/details.ctp, line 166]
2014-01-23 12:44:25 Notice: Notice (8): Undefined offset: 0 in [/Applications/XAMPP/xamppfiles/htdocs/ctportal/app/views/issues/details.ctp, line 166]
2014-01-23 12:54:57 Notice: Notice (8): Undefined offset: 11 in [/Applications/XAMPP/xamppfiles/htdocs/ctportal/app/views/issues/details.ctp, line 173]
2014-01-24 04:20:33 Notice: Notice (8): Undefined variable: isEdit in [/Applications/XAMPP/xamppfiles/htdocs/ctportal/app/views/elements/products_detail_header.ctp, line 163]
2014-01-24 04:21:09 Notice: Notice (8): Undefined variable: isEdit in [/Applications/XAMPP/xamppfiles/htdocs/ctportal/app/views/elements/products_detail_header.ctp, line 163]
2014-01-24 04:21:09 Notice: Notice (8): Undefined variable: formName in [/Applications/XAMPP/xamppfiles/htdocs/ctportal/app/views/elements/products_detail_header.ctp, line 166]
2014-01-24 05:03:26 Notice: Notice (8): Undefined variable: products in [/Applications/XAMPP/xamppfiles/htdocs/ctportal/app/views/issues/create_edit.ctp, line 50]
2014-01-24 05:03:27 Notice: Notice (8): Undefined variable: studies_selected in [/Applications/XAMPP/xamppfiles/htdocs/ctportal/app/views/issues/create_edit.ctp, line 69]
2014-01-24 05:05:36 Notice: Notice (8): Undefined variable: products in [/Applications/XAMPP/xamppfiles/htdocs/ctportal/app/views/issues/create_edit.ctp, line 50]
2014-01-24 05:05:36 Notice: Notice (8): Undefined variable: studies_selected in [/Applications/XAMPP/xamppfiles/htdocs/ctportal/app/views/issues/create_edit.ctp, line 69]
2014-01-24 05:07:38 Notice: Notice (8): Undefined variable: products in [/Applications/XAMPP/xamppfiles/htdocs/ctportal/app/views/issues/create_edit.ctp, line 50]
2014-01-24 05:07:38 Notice: Notice (8): Undefined variable: studies_selected in [/Applications/XAMPP/xamppfiles/htdocs/ctportal/app/views/issues/create_edit.ctp, line 69]
2014-01-24 05:09:10 Notice: Notice (8): Undefined variable: products in [/Applications/XAMPP/xamppfiles/htdocs/ctportal/app/views/issues/create_edit.ctp, line 68]
2014-01-24 05:09:11 Notice: Notice (8): Undefined variable: studies_selected in [/Applications/XAMPP/xamppfiles/htdocs/ctportal/app/views/issues/create_edit.ctp, line 87]
2014-01-24 05:34:14 Notice: Notice (8): Undefined variable: products in [/Applications/XAMPP/xamppfiles/htdocs/ctportal/app/views/issues/create_edit.ctp, line 48]
2014-01-24 05:34:14 Notice: Notice (8): Undefined variable: studies_selected in [/Applications/XAMPP/xamppfiles/htdocs/ctportal/app/views/issues/create_edit.ctp, line 67]
2014-01-24 05:39:26 Notice: Notice (8): Undefined variable: products in [/Applications/XAMPP/xamppfiles/htdocs/ctportal/app/views/issues/create_edit.ctp, line 48]
2014-01-24 05:39:26 Notice: Notice (8): Undefined variable: studies_selected in [/Applications/XAMPP/xamppfiles/htdocs/ctportal/app/views/issues/create_edit.ctp, line 69]
2014-01-24 05:39:52 Notice: Notice (8): Undefined variable: products in [/Applications/XAMPP/xamppfiles/htdocs/ctportal/app/views/issues/create_edit.ctp, line 48]
2014-01-24 05:39:52 Notice: Notice (8): Undefined variable: studies_selected in [/Applications/XAMPP/xamppfiles/htdocs/ctportal/app/views/issues/create_edit.ctp, line 69]
2014-01-24 05:46:14 Notice: Notice (8): Undefined variable: products in [/Applications/XAMPP/xamppfiles/htdocs/ctportal/app/views/issues/create_edit.ctp, line 48]
2014-01-24 05:46:14 Notice: Notice (8): Undefined variable: studies_selected in [/Applications/XAMPP/xamppfiles/htdocs/ctportal/app/views/issues/create_edit.ctp, line 69]
2014-01-24 05:48:39 Notice: Notice (8): Undefined variable: products in [/Applications/XAMPP/xamppfiles/htdocs/ctportal/app/views/issues/create_edit.ctp, line 48]
2014-01-24 05:48:39 Notice: Notice (8): Undefined variable: studies_selected in [/Applications/XAMPP/xamppfiles/htdocs/ctportal/app/views/issues/create_edit.ctp, line 69]
2014-01-24 05:51:10 Notice: Notice (8): Undefined variable: products in [/Applications/XAMPP/xamppfiles/htdocs/ctportal/app/views/issues/create_edit.ctp, line 65]
2014-01-24 05:51:11 Notice: Notice (8): Undefined variable: studies_selected in [/Applications/XAMPP/xamppfiles/htdocs/ctportal/app/views/issues/create_edit.ctp, line 86]
2014-01-24 05:51:37 Notice: Notice (8): Undefined variable: products in [/Applications/XAMPP/xamppfiles/htdocs/ctportal/app/views/issues/create_edit.ctp, line 65]
2014-01-24 05:51:37 Notice: Notice (8): Undefined variable: studies_selected in [/Applications/XAMPP/xamppfiles/htdocs/ctportal/app/views/issues/create_edit.ctp, line 86]
2014-01-24 05:51:46 Notice: Notice (8): Undefined variable: products in [/Applications/XAMPP/xamppfiles/htdocs/ctportal/app/views/issues/create_edit.ctp, line 49]
2014-01-24 05:51:47 Notice: Notice (8): Undefined variable: studies_selected in [/Applications/XAMPP/xamppfiles/htdocs/ctportal/app/views/issues/create_edit.ctp, line 70]
2014-01-24 05:52:35 Notice: Notice (8): Undefined variable: studies_selected in [/Applications/XAMPP/xamppfiles/htdocs/ctportal/app/views/issues/create_edit.ctp, line 57]
2014-01-24 08:43:09 Notice: Notice (8): Undefined variable: products in [/Applications/XAMPP/xamppfiles/htdocs/ctportal/app/views/issues/create_edit.ctp, line 51]
2014-01-24 08:43:09 Notice: Notice (8): Undefined variable: studies_selected in [/Applications/XAMPP/xamppfiles/htdocs/ctportal/app/views/issues/create_edit.ctp, line 72]
2014-01-24 08:58:09 Notice: Notice (8): Undefined variable: products in [/Applications/XAMPP/xamppfiles/htdocs/ctportal/app/views/issues/create_edit.ctp, line 73]
2014-01-24 08:58:09 Notice: Notice (8): Undefined variable: studies_selected in [/Applications/XAMPP/xamppfiles/htdocs/ctportal/app/views/issues/create_edit.ctp, line 92]
2014-01-24 08:59:06 Notice: Notice (8): Undefined variable: studies_selected in [/Applications/XAMPP/xamppfiles/htdocs/ctportal/app/views/issues/create_edit.ctp, line 124]
2014-01-24 09:02:07 Notice: Notice (8): Undefined variable: studies_selected in [/Applications/XAMPP/xamppfiles/htdocs/ctportal/app/views/issues/create_edit.ctp, line 124]
2014-01-24 09:03:53 Notice: Notice (8): Undefined variable: studies_selected in [/Applications/XAMPP/xamppfiles/htdocs/ctportal/app/views/issues/create_edit.ctp, line 124]
2014-01-24 09:04:22 Notice: Notice (8): Undefined variable: studies_selected in [/Applications/XAMPP/xamppfiles/htdocs/ctportal/app/views/issues/create_edit.ctp, line 124]
2014-01-24 11:06:30 Notice: Notice (8): Undefined variable: isEdit in [/Applications/XAMPP/xamppfiles/htdocs/ctportal/app/views/elements/products_detail_header.ctp, line 163]
2014-01-24 11:06:35 Notice: Notice (8): Undefined variable: isEdit in [/Applications/XAMPP/xamppfiles/htdocs/ctportal/app/views/elements/products_detail_header.ctp, line 163]
2014-01-24 11:06:35 Notice: Notice (8): Undefined variable: formName in [/Applications/XAMPP/xamppfiles/htdocs/ctportal/app/views/elements/products_detail_header.ctp, line 166]
2014-01-24 11:07:35 Notice: Notice (8): Undefined variable: isEdit in [/Applications/XAMPP/xamppfiles/htdocs/ctportal/app/views/elements/products_detail_header.ctp, line 163]
2014-01-24 11:07:42 Notice: Notice (8): Undefined variable: isEdit in [/Applications/XAMPP/xamppfiles/htdocs/ctportal/app/views/elements/products_detail_header.ctp, line 163]
2014-01-24 11:07:42 Notice: Notice (8): Undefined variable: formName in [/Applications/XAMPP/xamppfiles/htdocs/ctportal/app/views/elements/products_detail_header.ctp, line 166]
2014-01-24 11:08:05 Notice: Notice (8): Undefined variable: isEdit in [/Applications/XAMPP/xamppfiles/htdocs/ctportal/app/views/elements/products_detail_header.ctp, line 163]
2014-01-24 11:08:05 Notice: Notice (8): Undefined variable: formName in [/Applications/XAMPP/xamppfiles/htdocs/ctportal/app/views/elements/products_detail_header.ctp, line 166]
2014-01-24 11:41:14 Notice: Notice (8): Undefined variable: isEdit in [/Applications/XAMPP/xamppfiles/htdocs/ctportal/app/views/elements/products_detail_header.ctp, line 163]
2014-01-24 11:41:14 Notice: Notice (8): Undefined variable: formName in [/Applications/XAMPP/xamppfiles/htdocs/ctportal/app/views/elements/products_detail_header.ctp, line 166]
2014-01-24 11:41:14 Notice: Notice (8): Undefined variable: isEdit in [/Applications/XAMPP/xamppfiles/htdocs/ctportal/app/views/elements/products_detail_header.ctp, line 163]
2014-01-24 11:41:14 Notice: Notice (8): Undefined variable: formName in [/Applications/XAMPP/xamppfiles/htdocs/ctportal/app/views/elements/products_detail_header.ctp, line 166]
2014-01-24 11:42:26 Notice: Notice (8): Undefined variable: isEdit in [/Applications/XAMPP/xamppfiles/htdocs/ctportal/app/views/elements/products_detail_header.ctp, line 163]
2014-01-24 11:42:26 Notice: Notice (8): Undefined variable: formName in [/Applications/XAMPP/xamppfiles/htdocs/ctportal/app/views/elements/products_detail_header.ctp, line 166]
2014-01-24 11:42:52 Notice: Notice (8): Undefined variable: isEdit in [/Applications/XAMPP/xamppfiles/htdocs/ctportal/app/views/elements/products_detail_header.ctp, line 163]
2014-01-24 11:42:56 Notice: Notice (8): Undefined variable: isEdit in [/Applications/XAMPP/xamppfiles/htdocs/ctportal/app/views/elements/products_detail_header.ctp, line 163]
2014-01-24 11:42:56 Notice: Notice (8): Undefined variable: formName in [/Applications/XAMPP/xamppfiles/htdocs/ctportal/app/views/elements/products_detail_header.ctp, line 166]
2014-02-06 10:50:55 Notice: Notice (8): Undefined index: id in [/Applications/XAMPP/xamppfiles/htdocs/ctportal/app/controllers/issues_controller.php, line 372]
2014-02-07 07:50:24 Notice: Notice (8): Undefined variable: statusArray in [/Applications/XAMPP/xamppfiles/htdocs/ctportal/app/views/issues/details.ctp, line 206]
2014-02-07 07:50:24 Notice: Notice (8): Undefined variable: priorityArray in [/Applications/XAMPP/xamppfiles/htdocs/ctportal/app/views/issues/details.ctp, line 208]
2014-02-07 08:23:10 Notice: Notice (8): Undefined variable: isEdit in [/Applications/XAMPP/xamppfiles/htdocs/ctportal/app/views/elements/products_detail_header.ctp, line 163]
2014-02-07 08:23:10 Notice: Notice (8): Undefined variable: formName in [/Applications/XAMPP/xamppfiles/htdocs/ctportal/app/views/elements/products_detail_header.ctp, line 166]
2014-02-07 08:23:21 Notice: Notice (8): Undefined variable: isEdit in [/Applications/XAMPP/xamppfiles/htdocs/ctportal/app/views/elements/products_detail_header.ctp, line 163]
2014-02-07 08:23:21 Notice: Notice (8): Undefined variable: formName in [/Applications/XAMPP/xamppfiles/htdocs/ctportal/app/views/elements/products_detail_header.ctp, line 166]
2014-02-07 08:24:27 Notice: Notice (8): Undefined variable: statusArray in [/Applications/XAMPP/xamppfiles/htdocs/ctportal/app/views/issues/details.ctp, line 206]
2014-02-07 08:24:27 Notice: Notice (8): Undefined variable: priorityArray in [/Applications/XAMPP/xamppfiles/htdocs/ctportal/app/views/issues/details.ctp, line 208]
2014-02-07 08:37:42 Notice: Notice (8): Undefined variable: statusArray in [/Applications/XAMPP/xamppfiles/htdocs/ctportal/app/views/issues/details.ctp, line 206]
2014-02-07 08:37:42 Notice: Notice (8): Undefined variable: priorityArray in [/Applications/XAMPP/xamppfiles/htdocs/ctportal/app/views/issues/details.ctp, line 208]
2014-02-07 09:31:36 Notice: Notice (8): Undefined variable: statusArray in [/Applications/XAMPP/xamppfiles/htdocs/ctportal/app/views/issues/details.ctp, line 206]
2014-02-07 09:31:36 Notice: Notice (8): Undefined variable: priorityArray in [/Applications/XAMPP/xamppfiles/htdocs/ctportal/app/views/issues/details.ctp, line 208]
2014-02-07 09:35:13 Notice: Notice (8): Undefined variable: statusArray in [/Applications/XAMPP/xamppfiles/htdocs/ctportal/app/views/issues/details.ctp, line 206]
2014-02-07 09:35:13 Notice: Notice (8): Undefined variable: priorityArray in [/Applications/XAMPP/xamppfiles/htdocs/ctportal/app/views/issues/details.ctp, line 208]
2014-02-07 09:35:59 Notice: Notice (8): Undefined variable: statusArray in [/Applications/XAMPP/xamppfiles/htdocs/ctportal/app/views/issues/details.ctp, line 206]
2014-02-07 09:35:59 Notice: Notice (8): Undefined variable: priorityArray in [/Applications/XAMPP/xamppfiles/htdocs/ctportal/app/views/issues/details.ctp, line 208]
2014-02-07 09:37:59 Notice: Notice (8): Undefined variable: statusArray in [/Applications/XAMPP/xamppfiles/htdocs/ctportal/app/views/issues/details.ctp, line 206]
2014-02-07 09:37:59 Notice: Notice (8): Undefined variable: priorityArray in [/Applications/XAMPP/xamppfiles/htdocs/ctportal/app/views/issues/details.ctp, line 208]
2014-02-07 09:38:16 Notice: Notice (8): Undefined variable: statusArray in [/Applications/XAMPP/xamppfiles/htdocs/ctportal/app/views/issues/details.ctp, line 206]
2014-02-07 09:38:16 Notice: Notice (8): Undefined variable: priorityArray in [/Applications/XAMPP/xamppfiles/htdocs/ctportal/app/views/issues/details.ctp, line 208]
2014-02-07 09:43:06 Notice: Notice (8): Undefined variable: value in [/Applications/XAMPP/xamppfiles/htdocs/ctportal/app/views/issues/details.ctp, line 80]
2014-02-07 09:43:06 Notice: Notice (8): Undefined variable: statusArray in [/Applications/XAMPP/xamppfiles/htdocs/ctportal/app/views/issues/details.ctp, line 205]
2014-02-07 09:43:06 Notice: Notice (8): Undefined variable: priorityArray in [/Applications/XAMPP/xamppfiles/htdocs/ctportal/app/views/issues/details.ctp, line 207]
2014-02-07 09:43:48 Notice: Notice (8): Undefined variable: statusArray in [/Applications/XAMPP/xamppfiles/htdocs/ctportal/app/views/issues/details.ctp, line 206]
2014-02-07 09:43:48 Notice: Notice (8): Undefined variable: priorityArray in [/Applications/XAMPP/xamppfiles/htdocs/ctportal/app/views/issues/details.ctp, line 208]
2014-02-07 09:45:06 Notice: Notice (8): Undefined variable: statusArray in [/Applications/XAMPP/xamppfiles/htdocs/ctportal/app/views/issues/details.ctp, line 206]
2014-02-07 09:45:06 Notice: Notice (8): Undefined variable: priorityArray in [/Applications/XAMPP/xamppfiles/htdocs/ctportal/app/views/issues/details.ctp, line 208]
2014-02-07 09:45:43 Notice: Notice (8): Undefined variable: statusArray in [/Applications/XAMPP/xamppfiles/htdocs/ctportal/app/views/issues/details.ctp, line 206]
2014-02-07 09:45:43 Notice: Notice (8): Undefined variable: priorityArray in [/Applications/XAMPP/xamppfiles/htdocs/ctportal/app/views/issues/details.ctp, line 208]
2014-02-07 09:47:58 Notice: Notice (8): Undefined variable: statusArray in [/Applications/XAMPP/xamppfiles/htdocs/ctportal/app/views/issues/details.ctp, line 206]
2014-02-07 09:47:58 Notice: Notice (8): Undefined variable: priorityArray in [/Applications/XAMPP/xamppfiles/htdocs/ctportal/app/views/issues/details.ctp, line 208]
2014-02-07 09:50:31 Notice: Notice (8): Undefined variable: statusArray in [/Applications/XAMPP/xamppfiles/htdocs/ctportal/app/views/issues/details.ctp, line 206]
2014-02-07 09:50:31 Notice: Notice (8): Undefined variable: priorityArray in [/Applications/XAMPP/xamppfiles/htdocs/ctportal/app/views/issues/details.ctp, line 208]
2014-02-07 09:54:15 Notice: Notice (8): Undefined variable: statusArray in [/Applications/XAMPP/xamppfiles/htdocs/ctportal/app/views/issues/details.ctp, line 206]
2014-02-07 09:54:15 Notice: Notice (8): Undefined variable: priorityArray in [/Applications/XAMPP/xamppfiles/htdocs/ctportal/app/views/issues/details.ctp, line 208]
2014-02-07 10:01:00 Notice: Notice (8): Undefined variable: statusArray in [/Applications/XAMPP/xamppfiles/htdocs/ctportal/app/views/issues/details.ctp, line 206]
2014-02-07 10:01:00 Notice: Notice (8): Undefined variable: priorityArray in [/Applications/XAMPP/xamppfiles/htdocs/ctportal/app/views/issues/details.ctp, line 208]
2014-02-07 10:47:26 Notice: Notice (8): Undefined variable: statusArray in [/Applications/XAMPP/xamppfiles/htdocs/ctportal/app/views/issues/details.ctp, line 206]
2014-02-07 10:47:26 Notice: Notice (8): Undefined variable: priorityArray in [/Applications/XAMPP/xamppfiles/htdocs/ctportal/app/views/issues/details.ctp, line 208]
2014-02-07 10:48:33 Notice: Notice (8): Undefined variable: statusArray in [/Applications/XAMPP/xamppfiles/htdocs/ctportal/app/views/issues/details.ctp, line 206]
2014-02-07 10:48:33 Notice: Notice (8): Undefined variable: priorityArray in [/Applications/XAMPP/xamppfiles/htdocs/ctportal/app/views/issues/details.ctp, line 208]
2014-02-07 10:49:06 Notice: Notice (8): Undefined variable: statusArray in [/Applications/XAMPP/xamppfiles/htdocs/ctportal/app/views/issues/details.ctp, line 206]
2014-02-07 10:49:06 Notice: Notice (8): Undefined variable: priorityArray in [/Applications/XAMPP/xamppfiles/htdocs/ctportal/app/views/issues/details.ctp, line 208]
2014-02-07 10:50:37 Notice: Notice (8): Undefined variable: statusArray in [/Applications/XAMPP/xamppfiles/htdocs/ctportal/app/views/issues/details.ctp, line 206]
2014-02-07 10:50:37 Notice: Notice (8): Undefined variable: priorityArray in [/Applications/XAMPP/xamppfiles/htdocs/ctportal/app/views/issues/details.ctp, line 208]
2014-02-07 10:51:39 Notice: Notice (8): Undefined variable: statusArray in [/Applications/XAMPP/xamppfiles/htdocs/ctportal/app/views/issues/details.ctp, line 206]
2014-02-07 10:51:39 Notice: Notice (8): Undefined variable: priorityArray in [/Applications/XAMPP/xamppfiles/htdocs/ctportal/app/views/issues/details.ctp, line 208]
2014-02-07 10:52:38 Notice: Notice (8): Undefined variable: statusArray in [/Applications/XAMPP/xamppfiles/htdocs/ctportal/app/views/issues/details.ctp, line 206]
2014-02-07 10:52:38 Notice: Notice (8): Undefined variable: priorityArray in [/Applications/XAMPP/xamppfiles/htdocs/ctportal/app/views/issues/details.ctp, line 208]
2014-02-07 11:01:35 Notice: Notice (8): Undefined variable: statusArray in [/Applications/XAMPP/xamppfiles/htdocs/ctportal/app/views/issues/details.ctp, line 206]
2014-02-07 11:01:35 Notice: Notice (8): Undefined variable: priorityArray in [/Applications/XAMPP/xamppfiles/htdocs/ctportal/app/views/issues/details.ctp, line 208]
2014-02-07 11:03:07 Notice: Notice (8): Undefined variable: statusArray in [/Applications/XAMPP/xamppfiles/htdocs/ctportal/app/views/issues/details.ctp, line 206]
2014-02-07 11:03:07 Notice: Notice (8): Undefined variable: priorityArray in [/Applications/XAMPP/xamppfiles/htdocs/ctportal/app/views/issues/details.ctp, line 208]
2014-02-07 11:19:27 Notice: Notice (8): Undefined variable: statusArray in [/Applications/XAMPP/xamppfiles/htdocs/ctportal/app/views/issues/details.ctp, line 206]
2014-02-07 11:19:27 Notice: Notice (8): Undefined variable: priorityArray in [/Applications/XAMPP/xamppfiles/htdocs/ctportal/app/views/issues/details.ctp, line 208]
2014-02-07 11:19:46 Notice: Notice (8): Undefined variable: statusArray in [/Applications/XAMPP/xamppfiles/htdocs/ctportal/app/views/issues/details.ctp, line 206]
2014-02-07 11:19:46 Notice: Notice (8): Undefined variable: priorityArray in [/Applications/XAMPP/xamppfiles/htdocs/ctportal/app/views/issues/details.ctp, line 208]
2014-02-07 11:20:23 Notice: Notice (8): Undefined variable: statusArray in [/Applications/XAMPP/xamppfiles/htdocs/ctportal/app/views/issues/details.ctp, line 206]
2014-02-07 11:20:23 Notice: Notice (8): Undefined variable: priorityArray in [/Applications/XAMPP/xamppfiles/htdocs/ctportal/app/views/issues/details.ctp, line 208]
2014-02-07 12:25:03 Notice: Notice (8): Undefined variable: statusArray in [/Applications/XAMPP/xamppfiles/htdocs/ctportal/app/views/issues/details.ctp, line 206]
2014-02-07 12:25:03 Notice: Notice (8): Undefined variable: priorityArray in [/Applications/XAMPP/xamppfiles/htdocs/ctportal/app/views/issues/details.ctp, line 208]
2014-02-08 04:19:59 Notice: Notice (8): Undefined variable: statusArray in [/Applications/XAMPP/xamppfiles/htdocs/ctportal/app/views/issues/details.ctp, line 206]
2014-02-08 04:19:59 Notice: Notice (8): Undefined variable: priorityArray in [/Applications/XAMPP/xamppfiles/htdocs/ctportal/app/views/issues/details.ctp, line 208]
2014-02-08 04:50:47 Notice: Notice (8): Undefined variable: statusArray in [/Applications/XAMPP/xamppfiles/htdocs/ctportal/app/views/issues/details.ctp, line 207]
2014-02-08 04:50:47 Notice: Notice (8): Undefined variable: priorityArray in [/Applications/XAMPP/xamppfiles/htdocs/ctportal/app/views/issues/details.ctp, line 209]
2014-02-08 04:51:45 Notice: Notice (8): Undefined variable: statusArray in [/Applications/XAMPP/xamppfiles/htdocs/ctportal/app/views/issues/details.ctp, line 207]
2014-02-08 04:51:46 Notice: Notice (8): Undefined variable: priorityArray in [/Applications/XAMPP/xamppfiles/htdocs/ctportal/app/views/issues/details.ctp, line 209]
2014-02-08 04:53:21 Notice: Notice (8): Undefined variable: statusArray in [/Applications/XAMPP/xamppfiles/htdocs/ctportal/app/views/issues/details.ctp, line 207]
2014-02-08 04:53:21 Notice: Notice (8): Undefined variable: priorityArray in [/Applications/XAMPP/xamppfiles/htdocs/ctportal/app/views/issues/details.ctp, line 209]
2014-02-08 04:54:25 Notice: Notice (8): Undefined variable: statusArray in [/Applications/XAMPP/xamppfiles/htdocs/ctportal/app/views/issues/details.ctp, line 207]
2014-02-08 04:54:25 Notice: Notice (8): Undefined variable: priorityArray in [/Applications/XAMPP/xamppfiles/htdocs/ctportal/app/views/issues/details.ctp, line 209]
2014-02-08 04:54:59 Notice: Notice (8): Undefined variable: statusArray in [/Applications/XAMPP/xamppfiles/htdocs/ctportal/app/views/issues/details.ctp, line 207]
2014-02-08 04:54:59 Notice: Notice (8): Undefined variable: priorityArray in [/Applications/XAMPP/xamppfiles/htdocs/ctportal/app/views/issues/details.ctp, line 209]
2014-02-08 04:55:28 Notice: Notice (8): Undefined variable: statusArray in [/Applications/XAMPP/xamppfiles/htdocs/ctportal/app/views/issues/details.ctp, line 207]
2014-02-08 04:55:28 Notice: Notice (8): Undefined variable: priorityArray in [/Applications/XAMPP/xamppfiles/htdocs/ctportal/app/views/issues/details.ctp, line 209]
2014-02-08 04:59:42 Notice: Notice (8): Undefined variable: statusArray in [/Applications/XAMPP/xamppfiles/htdocs/ctportal/app/views/issues/details.ctp, line 224]
2014-02-08 04:59:42 Notice: Notice (8): Undefined variable: priorityArray in [/Applications/XAMPP/xamppfiles/htdocs/ctportal/app/views/issues/details.ctp, line 226]
2014-02-08 05:02:30 Notice: Notice (8): Undefined variable: statusArray in [/Applications/XAMPP/xamppfiles/htdocs/ctportal/app/views/issues/details.ctp, line 208]
2014-02-08 05:02:30 Notice: Notice (8): Undefined variable: priorityArray in [/Applications/XAMPP/xamppfiles/htdocs/ctportal/app/views/issues/details.ctp, line 210]
2014-02-08 05:03:16 Notice: Notice (8): Undefined variable: statusArray in [/Applications/XAMPP/xamppfiles/htdocs/ctportal/app/views/issues/details.ctp, line 208]
2014-02-08 05:03:16 Notice: Notice (8): Undefined variable: priorityArray in [/Applications/XAMPP/xamppfiles/htdocs/ctportal/app/views/issues/details.ctp, line 210]
2014-02-08 05:10:56 Notice: Notice (8): Undefined variable: formName in [/Applications/XAMPP/xamppfiles/htdocs/ctportal/app/views/elements/products_detail_header.ctp, line 164]
2014-02-08 05:15:10 Notice: Notice (8): Undefined variable: statusArray in [/Applications/XAMPP/xamppfiles/htdocs/ctportal/app/views/issues/details.ctp, line 224]
2014-02-08 05:15:10 Notice: Notice (8): Undefined variable: priorityArray in [/Applications/XAMPP/xamppfiles/htdocs/ctportal/app/views/issues/details.ctp, line 226]
2014-02-08 05:15:24 Notice: Notice (8): Undefined variable: statusArray in [/Applications/XAMPP/xamppfiles/htdocs/ctportal/app/views/issues/details.ctp, line 205]
2014-02-08 05:15:24 Notice: Notice (8): Undefined variable: priorityArray in [/Applications/XAMPP/xamppfiles/htdocs/ctportal/app/views/issues/details.ctp, line 207]
2014-02-08 05:17:16 Notice: Notice (8): Undefined variable: statusArray in [/Applications/XAMPP/xamppfiles/htdocs/ctportal/app/views/issues/details.ctp, line 213]
2014-02-08 05:17:16 Notice: Notice (8): Undefined variable: priorityArray in [/Applications/XAMPP/xamppfiles/htdocs/ctportal/app/views/issues/details.ctp, line 215]
2014-02-08 05:21:19 Notice: Notice (8): Undefined variable: statusArray in [/Applications/XAMPP/xamppfiles/htdocs/ctportal/app/views/issues/details.ctp, line 214]
2014-02-08 05:21:19 Notice: Notice (8): Undefined variable: priorityArray in [/Applications/XAMPP/xamppfiles/htdocs/ctportal/app/views/issues/details.ctp, line 216]
2014-02-08 05:22:07 Notice: Notice (8): Undefined variable: statusArray in [/Applications/XAMPP/xamppfiles/htdocs/ctportal/app/views/issues/details.ctp, line 215]
2014-02-08 05:22:07 Notice: Notice (8): Undefined variable: priorityArray in [/Applications/XAMPP/xamppfiles/htdocs/ctportal/app/views/issues/details.ctp, line 217]
2014-02-08 05:28:01 Notice: Notice (8): Undefined variable: statusArray in [/Applications/XAMPP/xamppfiles/htdocs/ctportal/app/views/issues/details.ctp, line 215]
2014-02-08 05:28:01 Notice: Notice (8): Undefined variable: priorityArray in [/Applications/XAMPP/xamppfiles/htdocs/ctportal/app/views/issues/details.ctp, line 217]
2014-02-08 05:28:28 Notice: Notice (8): Undefined variable: statusArray in [/Applications/XAMPP/xamppfiles/htdocs/ctportal/app/views/issues/details.ctp, line 215]
2014-02-08 05:28:28 Notice: Notice (8): Undefined variable: priorityArray in [/Applications/XAMPP/xamppfiles/htdocs/ctportal/app/views/issues/details.ctp, line 217]
2014-02-08 05:28:55 Notice: Notice (8): Undefined variable: statusArray in [/Applications/XAMPP/xamppfiles/htdocs/ctportal/app/views/issues/details.ctp, line 215]
2014-02-08 05:28:55 Notice: Notice (8): Undefined variable: priorityArray in [/Applications/XAMPP/xamppfiles/htdocs/ctportal/app/views/issues/details.ctp, line 217]
2014-02-08 05:29:20 Notice: Notice (8): Undefined variable: statusArray in [/Applications/XAMPP/xamppfiles/htdocs/ctportal/app/views/issues/details.ctp, line 215]
2014-02-08 05:29:20 Notice: Notice (8): Undefined variable: priorityArray in [/Applications/XAMPP/xamppfiles/htdocs/ctportal/app/views/issues/details.ctp, line 217]
2014-02-08 07:54:13 Notice: Notice (8): Undefined variable: comment in [/Applications/XAMPP/xamppfiles/htdocs/ctportal/app/views/issues/details.ctp, line 238]
2014-02-08 07:54:14 Notice: Notice (8): Undefined index:  in [/Applications/XAMPP/xamppfiles/htdocs/ctportal/app/views/issues/details.ctp, line 238]
2014-02-08 07:54:14 Notice: Notice (8): Undefined variable: comment in [/Applications/XAMPP/xamppfiles/htdocs/ctportal/app/views/issues/details.ctp, line 242]
2014-02-08 07:54:14 Notice: Notice (8): Undefined variable: comment in [/Applications/XAMPP/xamppfiles/htdocs/ctportal/app/views/issues/details.ctp, line 243]
2014-02-08 07:54:14 Notice: Notice (8): Undefined variable: comment in [/Applications/XAMPP/xamppfiles/htdocs/ctportal/app/views/issues/details.ctp, line 244]
2014-02-08 07:54:14 Notice: Notice (8): Undefined variable: comment in [/Applications/XAMPP/xamppfiles/htdocs/ctportal/app/views/issues/details.ctp, line 245]
2014-02-08 07:54:40 Notice: Notice (8): Undefined variable: comment in [/Applications/XAMPP/xamppfiles/htdocs/ctportal/app/views/issues/details.ctp, line 238]
2014-02-08 07:54:40 Notice: Notice (8): Undefined index:  in [/Applications/XAMPP/xamppfiles/htdocs/ctportal/app/views/issues/details.ctp, line 238]
2014-02-08 07:54:40 Notice: Notice (8): Undefined variable: comment in [/Applications/XAMPP/xamppfiles/htdocs/ctportal/app/views/issues/details.ctp, line 242]
2014-02-08 07:54:40 Notice: Notice (8): Undefined variable: comment in [/Applications/XAMPP/xamppfiles/htdocs/ctportal/app/views/issues/details.ctp, line 243]
2014-02-08 07:54:40 Notice: Notice (8): Undefined variable: comment in [/Applications/XAMPP/xamppfiles/htdocs/ctportal/app/views/issues/details.ctp, line 244]
2014-02-08 07:54:40 Notice: Notice (8): Undefined variable: comment in [/Applications/XAMPP/xamppfiles/htdocs/ctportal/app/views/issues/details.ctp, line 245]
2014-02-08 07:59:26 Notice: Notice (8): Undefined variable: comment in [/Applications/XAMPP/xamppfiles/htdocs/ctportal/app/views/issues/details.ctp, line 241]
2014-02-08 07:59:26 Notice: Notice (8): Undefined index:  in [/Applications/XAMPP/xamppfiles/htdocs/ctportal/app/views/issues/details.ctp, line 241]
2014-02-08 08:05:08 Notice: Notice (8): Undefined variable: comment in [/Applications/XAMPP/xamppfiles/htdocs/ctportal/app/views/issues/details.ctp, line 291]
2014-02-08 08:05:08 Notice: Notice (8): Undefined variable: comment in [/Applications/XAMPP/xamppfiles/htdocs/ctportal/app/views/issues/details.ctp, line 292]
2014-02-08 08:05:08 Notice: Notice (8): Undefined variable: comment in [/Applications/XAMPP/xamppfiles/htdocs/ctportal/app/views/issues/details.ctp, line 293]
2014-02-08 08:05:08 Notice: Notice (8): Undefined variable: comment in [/Applications/XAMPP/xamppfiles/htdocs/ctportal/app/views/issues/details.ctp, line 294]
2014-02-08 14:36:51 Notice: Notice (8): Undefined variable: isEdit in [/Applications/XAMPP/xamppfiles/htdocs/ctportal/app/views/elements/products_detail_header.ctp, line 163]
2014-02-08 14:36:59 Notice: Notice (8): Undefined variable: isEdit in [/Applications/XAMPP/xamppfiles/htdocs/ctportal/app/views/elements/products_detail_header.ctp, line 163]
2014-02-08 14:36:59 Notice: Notice (8): Undefined variable: formName in [/Applications/XAMPP/xamppfiles/htdocs/ctportal/app/views/elements/products_detail_header.ctp, line 166]
2014-02-08 14:38:23 Notice: Notice (8): Undefined variable: isEdit in [/Applications/XAMPP/xamppfiles/htdocs/ctportal/app/views/elements/products_detail_header.ctp, line 163]
2014-02-08 14:38:23 Notice: Notice (8): Undefined variable: formName in [/Applications/XAMPP/xamppfiles/htdocs/ctportal/app/views/elements/products_detail_header.ctp, line 166]
2014-02-11 10:40:49 Notice: Notice (8): Undefined variable: isEdit in [/Applications/XAMPP/xamppfiles/htdocs/ctportal/app/views/elements/products_detail_header.ctp, line 163]
2014-02-11 10:40:51 Notice: Notice (8): Undefined variable: isEdit in [/Applications/XAMPP/xamppfiles/htdocs/ctportal/app/views/elements/products_detail_header.ctp, line 163]
2014-02-11 10:40:51 Notice: Notice (8): Undefined variable: formName in [/Applications/XAMPP/xamppfiles/htdocs/ctportal/app/views/elements/products_detail_header.ctp, line 166]
2014-02-14 04:58:52 Notice: Notice (8): Undefined variable: isEdit in [/Applications/XAMPP/xamppfiles/htdocs/ctp3/app/views/elements/products_detail_header.ctp, line 163]
2014-02-14 04:58:59 Notice: Notice (8): Undefined variable: isEdit in [/Applications/XAMPP/xamppfiles/htdocs/ctp3/app/views/elements/products_detail_header.ctp, line 163]
2014-02-14 04:59:05 Notice: Notice (8): Undefined variable: isEdit in [/Applications/XAMPP/xamppfiles/htdocs/ctp3/app/views/elements/products_detail_header.ctp, line 163]
2014-02-14 04:59:05 Notice: Notice (8): Undefined variable: formName in [/Applications/XAMPP/xamppfiles/htdocs/ctp3/app/views/elements/products_detail_header.ctp, line 166]
2014-02-14 04:59:17 Notice: Notice (8): Undefined variable: departments in [/Applications/XAMPP/xamppfiles/htdocs/ctp3/app/views/products/detail_record.ctp, line 26]
2014-02-14 08:36:30 Notice: Notice (8): Undefined variable: isEdit in [/Applications/XAMPP/xamppfiles/htdocs/ctp3/app/views/elements/products_detail_header.ctp, line 163]
2014-02-14 08:40:46 Notice: Notice (8): Undefined variable: isEdit in [/Applications/XAMPP/xamppfiles/htdocs/ctp3/app/views/elements/products_detail_header.ctp, line 163]
2014-02-14 08:41:13 Notice: Notice (8): Undefined variable: isEdit in [/Applications/XAMPP/xamppfiles/htdocs/ctp3/app/views/elements/products_detail_header.ctp, line 163]
2014-02-14 08:41:49 Notice: Notice (8): Undefined variable: isEdit in [/Applications/XAMPP/xamppfiles/htdocs/ctp3/app/views/elements/products_detail_header.ctp, line 163]
2014-02-14 08:46:52 Notice: Notice (8): Undefined variable: isEdit in [/Applications/XAMPP/xamppfiles/htdocs/ctp3/app/views/elements/products_detail_header.ctp, line 163]
2014-02-14 09:55:14 Notice: Notice (8): Undefined index: id in [/Applications/XAMPP/xamppfiles/htdocs/ctp3/app/controllers/issues_controller.php, line 373]
2014-02-14 09:55:14 Notice: Notice (8): Undefined index: priority in [/Applications/XAMPP/xamppfiles/htdocs/ctp3/app/controllers/issues_controller.php, line 524]
2014-02-14 09:55:15 Notice: Notice (8): Undefined index: id in [/Applications/XAMPP/xamppfiles/htdocs/ctp3/app/controllers/issues_controller.php, line 525]
2014-02-14 09:55:15 Notice: Notice (8): Undefined index: Issue in [/Applications/XAMPP/xamppfiles/htdocs/ctp3/app/controllers/issues_controller.php, line 527]
2014-02-14 09:55:15 Notice: Notice (8): Undefined index: priority in [/Applications/XAMPP/xamppfiles/htdocs/ctp3/app/controllers/issues_controller.php, line 528]
2014-02-14 09:55:15 Notice: Notice (8): Undefined index: check in [/Applications/XAMPP/xamppfiles/htdocs/ctp3/app/controllers/issues_controller.php, line 530]
2014-02-14 09:55:15 Notice: Notice (8): Undefined index: assignee in [/Applications/XAMPP/xamppfiles/htdocs/ctp3/app/controllers/issues_controller.php, line 532]
2014-02-14 09:55:15 Notice: Notice (8): Undefined index: Issue in [/Applications/XAMPP/xamppfiles/htdocs/ctp3/app/controllers/issues_controller.php, line 534]
2014-02-14 09:55:15 Notice: Notice (8): Undefined index: assignee in [/Applications/XAMPP/xamppfiles/htdocs/ctp3/app/controllers/issues_controller.php, line 538]
2014-02-14 09:55:15 Notice: Notice (8): Undefined index: check in [/Applications/XAMPP/xamppfiles/htdocs/ctp3/app/controllers/issues_controller.php, line 539]
2014-02-14 09:55:15 Notice: Notice (8): Undefined index: Issue in [/Applications/XAMPP/xamppfiles/htdocs/ctp3/app/controllers/issues_controller.php, line 540]
2014-02-14 09:55:15 Notice: Notice (8): Undefined index: priority in [/Applications/XAMPP/xamppfiles/htdocs/ctp3/app/controllers/issues_controller.php, line 478]
2014-02-14 09:55:15 Notice: Notice (8): Undefined index: check in [/Applications/XAMPP/xamppfiles/htdocs/ctp3/app/controllers/issues_controller.php, line 479]
2014-02-14 09:55:15 Notice: Notice (8): Undefined index: assignee in [/Applications/XAMPP/xamppfiles/htdocs/ctp3/app/controllers/issues_controller.php, line 485]
2014-02-14 09:55:15 Notice: Notice (8): Undefined index: id in [/Applications/XAMPP/xamppfiles/htdocs/ctp3/app/controllers/issues_controller.php, line 490]
2014-02-14 09:59:05 Notice: Notice (8): Undefined variable: isEdit in [/Applications/XAMPP/xamppfiles/htdocs/ctp3/app/views/elements/products_detail_header.ctp, line 163]
2014-02-14 10:01:58 Notice: Notice (8): Undefined variable: isEdit in [/Applications/XAMPP/xamppfiles/htdocs/ctp3/app/views/elements/products_detail_header.ctp, line 163]
2014-02-14 10:02:13 Notice: Notice (8): Undefined property: UploaderComponent::$FileValidation in [/Applications/XAMPP/xamppfiles/htdocs/ctp3/app/controllers/products_controller.php, line 987]
2014-02-14 10:02:13 Notice: Notice (8): Undefined index: Gallery in [/Applications/XAMPP/xamppfiles/htdocs/ctp3/app/controllers/products_controller.php, line 1002]
2014-02-14 10:02:13 Notice: Notice (8): Undefined index: type in [/Applications/XAMPP/xamppfiles/htdocs/ctp3/app/controllers/products_controller.php, line 1003]
2014-02-14 10:02:39 Notice: Notice (8): Undefined variable: isEdit in [/Applications/XAMPP/xamppfiles/htdocs/ctp3/app/views/elements/products_detail_header.ctp, line 163]
2014-02-14 10:10:26 Notice: Notice (8): Undefined index: id in [/Applications/XAMPP/xamppfiles/htdocs/ctp3/app/controllers/issues_controller.php, line 373]
2014-02-14 10:10:26 Notice: Notice (8): Undefined index: priority in [/Applications/XAMPP/xamppfiles/htdocs/ctp3/app/controllers/issues_controller.php, line 524]
2014-02-14 10:10:26 Notice: Notice (8): Undefined index: id in [/Applications/XAMPP/xamppfiles/htdocs/ctp3/app/controllers/issues_controller.php, line 525]
2014-02-14 10:10:26 Notice: Notice (8): Undefined index: Issue in [/Applications/XAMPP/xamppfiles/htdocs/ctp3/app/controllers/issues_controller.php, line 527]
2014-02-14 10:10:26 Notice: Notice (8): Undefined index: priority in [/Applications/XAMPP/xamppfiles/htdocs/ctp3/app/controllers/issues_controller.php, line 528]
2014-02-14 10:10:26 Notice: Notice (8): Undefined index: check in [/Applications/XAMPP/xamppfiles/htdocs/ctp3/app/controllers/issues_controller.php, line 530]
2014-02-14 10:10:26 Notice: Notice (8): Undefined index: assignee in [/Applications/XAMPP/xamppfiles/htdocs/ctp3/app/controllers/issues_controller.php, line 532]
2014-02-14 10:10:26 Notice: Notice (8): Undefined index: Issue in [/Applications/XAMPP/xamppfiles/htdocs/ctp3/app/controllers/issues_controller.php, line 534]
2014-02-14 10:10:26 Notice: Notice (8): Undefined index: assignee in [/Applications/XAMPP/xamppfiles/htdocs/ctp3/app/controllers/issues_controller.php, line 538]
2014-02-14 10:10:26 Notice: Notice (8): Undefined index: check in [/Applications/XAMPP/xamppfiles/htdocs/ctp3/app/controllers/issues_controller.php, line 539]
2014-02-14 10:10:26 Notice: Notice (8): Undefined index: Issue in [/Applications/XAMPP/xamppfiles/htdocs/ctp3/app/controllers/issues_controller.php, line 540]
2014-02-14 10:10:26 Notice: Notice (8): Undefined index: priority in [/Applications/XAMPP/xamppfiles/htdocs/ctp3/app/controllers/issues_controller.php, line 478]
2014-02-14 10:10:26 Notice: Notice (8): Undefined index: check in [/Applications/XAMPP/xamppfiles/htdocs/ctp3/app/controllers/issues_controller.php, line 479]
2014-02-14 10:10:26 Notice: Notice (8): Undefined index: assignee in [/Applications/XAMPP/xamppfiles/htdocs/ctp3/app/controllers/issues_controller.php, line 485]
2014-02-14 10:10:26 Notice: Notice (8): Undefined index: id in [/Applications/XAMPP/xamppfiles/htdocs/ctp3/app/controllers/issues_controller.php, line 490]
2014-02-14 10:16:13 Notice: Notice (8): Undefined variable: isEdit in [/Applications/XAMPP/xamppfiles/htdocs/ctp3/app/views/elements/products_detail_header.ctp, line 163]
2014-02-15 08:56:36 Notice: Notice (8): Undefined variable: isEdit in [/Applications/XAMPP/xamppfiles/htdocs/ctp3/app/views/elements/products_detail_header.ctp, line 163]
